INFO  - =========== START ===========
INFO  - =======================================
INFO  - NOP
INFO  - [00] values: C3 50 01 
INFO  - F[ZNHC0000]
INFO  - F[10110000]
INFO  - PC=100
INFO  - A=01 F=B0 B=00 C=13 D=00 E=D8 HL=014D SP=FFFE
INFO  - =======================================
INFO  - JP a16
INFO  - [C3] values: 50 01 CE 
INFO  - F[ZNHC0000]
INFO  - F[10110000]
INFO  - PC=101
INFO  - A=01 F=B0 B=00 C=13 D=00 E=D8 HL=014D SP=FFFE
DEBUG - 336
INFO  - =======================================
INFO  - JP a16
INFO  - [C3] values: 0C 02 CD 
INFO  - F[ZNHC0000]
INFO  - F[10110000]
INFO  - PC=150
INFO  - A=01 F=B0 B=00 C=13 D=00 E=D8 HL=014D SP=FFFE
DEBUG - 524
INFO  - =======================================
INFO  - XOR A
INFO  - [AF] values: 21 FF DF 
INFO  - F[ZNHC0000]
INFO  - F[10110000]
INFO  - PC=20c
INFO  - A=01 F=B0 B=00 C=13 D=00 E=D8 HL=014D SP=FFFE
INFO  - =======================================
INFO  - LD HL,d16
INFO  - [21] values: FF DF 0E 
INFO  - F[ZNHC0000]
INFO  - F[10000000]
INFO  - PC=20d
INFO  - A=00 F=80 B=00 C=13 D=00 E=D8 HL=014D SP=FFFE
INFO  - =======================================
INFO  - LD C,d8
INFO  - [0E] values: 10 06 00 
INFO  - F[ZNHC0000]
INFO  - F[10000000]
INFO  - PC=210
INFO  - A=00 F=80 B=00 C=13 D=00 E=D8 HL=DFFF SP=FFFE
INFO  - =======================================
INFO  - LD B,d8
INFO  - [06] values: 00 32 05 
INFO  - F[ZNHC0000]
INFO  - F[10000000]
INFO  - PC=212
INFO  - A=00 F=80 B=00 C=10 D=00 E=D8 HL=DFFF SP=FFFE
INFO  - =======================================
INFO  - LDD (HL),A
INFO  - [32] values: 05 20 FC 
INFO  - F[ZNHC0000]
INFO  - F[10000000]
INFO  - PC=214
INFO  - A=00 F=80 B=00 C=10 D=00 E=D8 HL=DFFF SP=FFFE
DEBUG - 57343
INFO  - =======================================
INFO  - DEC B
INFO  - [05] values: 20 FC 0D 
INFO  - F[ZNHC0000]
INFO  - F[10000000]
INFO  - PC=215
INFO  - A=00 F=80 B=00 C=10 D=00 E=D8 HL=DFFE SP=FFFE
INFO  - =======================================
INFO  - JR NZ,r8
INFO  - [20] values: FC 0D 20 
INFO  - F[ZNHC0000]
INFO  - F[01100000]
INFO  - PC=216
INFO  - A=00 F=60 B=FF C=10 D=00 E=D8 HL=DFFE SP=FFFE
INFO  - =======================================
INFO  - LD B,d8
INFO  - [06] values: 00 32 05 
INFO  - F[ZNHC0000]
INFO  - F[01100000]
INFO  - PC=212
INFO  - A=00 F=60 B=FF C=10 D=00 E=D8 HL=DFFE SP=FFFE
INFO  - =======================================
INFO  - LDD (HL),A
INFO  - [32] values: 05 20 FC 
INFO  - F[ZNHC0000]
INFO  - F[01100000]
INFO  - PC=214
INFO  - A=00 F=60 B=00 C=10 D=00 E=D8 HL=DFFE SP=FFFE
DEBUG - 57342
INFO  - =======================================
INFO  - DEC B
INFO  - [05] values: 20 FC 0D 
INFO  - F[ZNHC0000]
INFO  - F[01100000]
INFO  - PC=215
INFO  - A=00 F=60 B=00 C=10 D=00 E=D8 HL=DFFD SP=FFFE
INFO  - =======================================
INFO  - JR NZ,r8
INFO  - [20] values: FC 0D 20 
INFO  - F[ZNHC0000]
INFO  - F[01100000]
INFO  - PC=216
INFO  - A=00 F=60 B=FF C=10 D=00 E=D8 HL=DFFD SP=FFFE
INFO  - =======================================
INFO  - LD B,d8
INFO  - [06] values: 00 32 05 
INFO  - F[ZNHC0000]
INFO  - F[01100000]
INFO  - PC=212
INFO  - A=00 F=60 B=FF C=10 D=00 E=D8 HL=DFFD SP=FFFE
INFO  - =======================================
INFO  - LDD (HL),A
INFO  - [32] values: 05 20 FC 
INFO  - F[ZNHC0000]
INFO  - F[01100000]
INFO  - PC=214
INFO  - A=00 F=60 B=00 C=10 D=00 E=D8 HL=DFFD SP=FFFE
DEBUG - 57341
INFO  - =======================================
INFO  - DEC B
INFO  - [05] values: 20 FC 0D 
INFO  - F[ZNHC0000]
INFO  - F[01100000]
INFO  - PC=215
INFO  - A=00 F=60 B=00 C=10 D=00 E=D8 HL=DFFC SP=FFFE
INFO  - =======================================
INFO  - JR NZ,r8
INFO  - [20] values: FC 0D 20 
INFO  - F[ZNHC0000]
INFO  - F[01100000]
INFO  - PC=216
INFO  - A=00 F=60 B=FF C=10 D=00 E=D8 HL=DFFC SP=FFFE
INFO  - =======================================
INFO  - LD B,d8
INFO  - [06] values: 00 32 05 
INFO  - F[ZNHC0000]
INFO  - F[01100000]
INFO  - PC=212
INFO  - A=00 F=60 B=FF C=10 D=00 E=D8 HL=DFFC SP=FFFE
INFO  - =======================================
INFO  - LDD (HL),A
INFO  - [32] values: 05 20 FC 
INFO  - F[ZNHC0000]
INFO  - F[01100000]
INFO  - PC=214
INFO  - A=00 F=60 B=00 C=10 D=00 E=D8 HL=DFFC SP=FFFE
DEBUG - 57340
INFO  - =======================================
INFO  - DEC B
INFO  - [05] values: 20 FC 0D 
INFO  - F[ZNHC0000]
INFO  - F[01100000]
INFO  - PC=215
INFO  - A=00 F=60 B=00 C=10 D=00 E=D8 HL=DFFB SP=FFFE
INFO  - =======================================
INFO  - JR NZ,r8
INFO  - [20] values: FC 0D 20 
INFO  - F[ZNHC0000]
INFO  - F[01100000]
INFO  - PC=216
INFO  - A=00 F=60 B=FF C=10 D=00 E=D8 HL=DFFB SP=FFFE
INFO  - =======================================
INFO  - LD B,d8
INFO  - [06] values: 00 32 05 
INFO  - F[ZNHC0000]
INFO  - F[01100000]
INFO  - PC=212
INFO  - A=00 F=60 B=FF C=10 D=00 E=D8 HL=DFFB SP=FFFE
INFO  - =======================================
INFO  - LDD (HL),A
INFO  - [32] values: 05 20 FC 
INFO  - F[ZNHC0000]
INFO  - F[01100000]
INFO  - PC=214
INFO  - A=00 F=60 B=00 C=10 D=00 E=D8 HL=DFFB SP=FFFE
DEBUG - 57339
