0x-1  
=================
0x00 NOP
0x00 1  4
0x00 - - - -
=================
0x01 LD BC,d16
0x01 3  12
0x01 - - - -
=================
0x02 LD (BC),A
0x02 1  8
0x02 - - - -
=================
0x03 INC BC
0x03 1  8
0x03 - - - -
=================
0x04 INC B
0x04 1  4
0x04 Z 0 H -
=================
0x05 DEC B
0x05 1  4
0x05 Z 1 H -
=================
0x06 LD B,d8
0x06 2  8
0x06 - - - -
=================
0x07 RLCA
0x07 1  4
0x07 0 0 0 C
=================
0x08 LD (a16),SP
0x08 3  20
0x08 - - - -
=================
0x09 ADD HL,BC
0x09 1  8
0x09 - 0 H C
=================
0x0A LD A,(BC)
0x0A 1  8
0x0A - - - -
=================
0x0B DEC BC
0x0B 1  8
0x0B - - - -
=================
0x0C INC C
0x0C 1  4
0x0C Z 0 H -
=================
0x0D DEC C
0x0D 1  4
0x0D Z 1 H -
=================
0x0E LD C,d8
0x0E 2  8
0x0E - - - -
=================
0x0F RRCA
0x0F 1  4
0x0F 0 0 0 C
=================
0x10 STOP 0
0x10 2  4
0x10 - - - -
=================
0x11 LD DE,d16
0x11 3  12
0x11 - - - -
=================
0x12 LD (DE),A
0x12 1  8
0x12 - - - -
=================
0x13 INC DE
0x13 1  8
0x13 - - - -
=================
0x14 INC D
0x14 1  4
0x14 Z 0 H -
=================
0x15 DEC D
0x15 1  4
0x15 Z 1 H -
=================
0x16 LD D,d8
0x16 2  8
0x16 - - - -
=================
0x17 RLA
0x17 1  4
0x17 0 0 0 C
=================
0x18 JR r8
0x18 2  12
0x18 - - - -
=================
0x19 ADD HL,DE
0x19 1  8
0x19 - 0 H C
=================
0x1A LD A,(DE)
0x1A 1  8
0x1A - - - -
=================
0x1B DEC DE
0x1B 1  8
0x1B - - - -
=================
0x1C INC E
0x1C 1  4
0x1C Z 0 H -
=================
0x1D DEC E
0x1D 1  4
0x1D Z 1 H -
=================
0x1E LD E,d8
0x1E 2  8
0x1E - - - -
=================
0x1F RRA
0x1F 1  4
0x1F 0 0 0 C
=================
0x20 JR NZ,r8
0x20 2  12/8
0x20 - - - -
=================
0x21 LD HL,d16
0x21 3  12
0x21 - - - -
=================
0x22 LD (HL+),A
0x22 1  8
0x22 - - - -
=================
0x23 INC HL
0x23 1  8
0x23 - - - -
=================
0x24 INC H
0x24 1  4
0x24 Z 0 H -
=================
0x25 DEC H
0x25 1  4
0x25 Z 1 H -
=================
0x26 LD H,d8
0x26 2  8
0x26 - - - -
=================
0x27 DAA
0x27 1  4
0x27 Z - 0 C
=================
0x28 JR Z,r8
0x28 2  12/8
0x28 - - - -
=================
0x29 ADD HL,HL
0x29 1  8
0x29 - 0 H C
=================
0x2A LD A,(HL+)
0x2A 1  8
0x2A - - - -
=================
0x2B DEC HL
0x2B 1  8
0x2B - - - -
=================
0x2C INC L
0x2C 1  4
0x2C Z 0 H -
=================
0x2D DEC L
0x2D 1  4
0x2D Z 1 H -
=================
0x2E LD L,d8
0x2E 2  8
0x2E - - - -
=================
0x2F CPL
0x2F 1  4
0x2F - 1 1 -
=================
0x30 JR NC,r8
0x30 2  12/8
0x30 - - - -
=================
0x31 LD SP,d16
0x31 3  12
0x31 - - - -
=================
0x32 LD (HL-),A
0x32 1  8
0x32 - - - -
=================
0x33 INC SP
0x33 1  8
0x33 - - - -
=================
0x34 INC (HL)
0x34 1  12
0x34 Z 0 H -
=================
0x35 DEC (HL)
0x35 1  12
0x35 Z 1 H -
=================
0x36 LD (HL),d8
0x36 2  12
0x36 - - - -
=================
0x37 SCF
0x37 1  4
0x37 - 0 0 1
=================
0x38 JR C,r8
0x38 2  12/8
0x38 - - - -
=================
0x39 ADD HL,SP
0x39 1  8
0x39 - 0 H C
=================
0x3A LD A,(HL-)
0x3A 1  8
0x3A - - - -
=================
0x3B DEC SP
0x3B 1  8
0x3B - - - -
=================
0x3C INC A
0x3C 1  4
0x3C Z 0 H -
=================
0x3D DEC A
0x3D 1  4
0x3D Z 1 H -
=================
0x3E LD A,d8
0x3E 2  8
0x3E - - - -
=================
0x3F CCF
0x3F 1  4
0x3F - 0 0 C
=================
0x40 LD B,B
0x40 1  4
0x40 - - - -
=================
0x41 LD B,C
0x41 1  4
0x41 - - - -
=================
0x42 LD B,D
0x42 1  4
0x42 - - - -
=================
0x43 LD B,E
0x43 1  4
0x43 - - - -
=================
0x44 LD B,H
0x44 1  4
0x44 - - - -
=================
0x45 LD B,L
0x45 1  4
0x45 - - - -
=================
0x46 LD B,(HL)
0x46 1  8
0x46 - - - -
=================
0x47 LD B,A
0x47 1  4
0x47 - - - -
=================
0x48 LD C,B
0x48 1  4
0x48 - - - -
=================
0x49 LD C,C
0x49 1  4
0x49 - - - -
=================
0x4A LD C,D
0x4A 1  4
0x4A - - - -
=================
0x4B LD C,E
0x4B 1  4
0x4B - - - -
=================
0x4C LD C,H
0x4C 1  4
0x4C - - - -
=================
0x4D LD C,L
0x4D 1  4
0x4D - - - -
=================
0x4E LD C,(HL)
0x4E 1  8
0x4E - - - -
=================
0x4F LD C,A
0x4F 1  4
0x4F - - - -
=================
0x50 LD D,B
0x50 1  4
0x50 - - - -
=================
0x51 LD D,C
0x51 1  4
0x51 - - - -
=================
0x52 LD D,D
0x52 1  4
0x52 - - - -
=================
0x53 LD D,E
0x53 1  4
0x53 - - - -
=================
0x54 LD D,H
0x54 1  4
0x54 - - - -
=================
0x55 LD D,L
0x55 1  4
0x55 - - - -
=================
0x56 LD D,(HL)
0x56 1  8
0x56 - - - -
=================
0x57 LD D,A
0x57 1  4
0x57 - - - -
=================
0x58 LD E,B
0x58 1  4
0x58 - - - -
=================
0x59 LD E,C
0x59 1  4
0x59 - - - -
=================
0x5A LD E,D
0x5A 1  4
0x5A - - - -
=================
0x5B LD E,E
0x5B 1  4
0x5B - - - -
=================
0x5C LD E,H
0x5C 1  4
0x5C - - - -
=================
0x5D LD E,L
0x5D 1  4
0x5D - - - -
=================
0x5E LD E,(HL)
0x5E 1  8
0x5E - - - -
=================
0x5F LD E,A
0x5F 1  4
0x5F - - - -
=================
0x60 LD H,B
0x60 1  4
0x60 - - - -
=================
0x61 LD H,C
0x61 1  4
0x61 - - - -
=================
0x62 LD H,D
0x62 1  4
0x62 - - - -
=================
0x63 LD H,E
0x63 1  4
0x63 - - - -
=================
0x64 LD H,H
0x64 1  4
0x64 - - - -
=================
0x65 LD H,L
0x65 1  4
0x65 - - - -
=================
0x66 LD H,(HL)
0x66 1  8
0x66 - - - -
=================
0x67 LD H,A
0x67 1  4
0x67 - - - -
=================
0x68 LD L,B
0x68 1  4
0x68 - - - -
=================
0x69 LD L,C
0x69 1  4
0x69 - - - -
=================
0x6A LD L,D
0x6A 1  4
0x6A - - - -
=================
0x6B LD L,E
0x6B 1  4
0x6B - - - -
=================
0x6C LD L,H
0x6C 1  4
0x6C - - - -
=================
0x6D LD L,L
0x6D 1  4
0x6D - - - -
=================
0x6E LD L,(HL)
0x6E 1  8
0x6E - - - -
=================
0x6F LD L,A
0x6F 1  4
0x6F - - - -
=================
0x70 LD (HL),B
0x70 1  8
0x70 - - - -
=================
0x71 LD (HL),C
0x71 1  8
0x71 - - - -
=================
0x72 LD (HL),D
0x72 1  8
0x72 - - - -
=================
0x73 LD (HL),E
0x73 1  8
0x73 - - - -
=================
0x74 LD (HL),H
0x74 1  8
0x74 - - - -
=================
0x75 LD (HL),L
0x75 1  8
0x75 - - - -
=================
0x76 HALT
0x76 1  4
0x76 - - - -
=================
0x77 LD (HL),A
0x77 1  8
0x77 - - - -
=================
0x78 LD A,B
0x78 1  4
0x78 - - - -
=================
0x79 LD A,C
0x79 1  4
0x79 - - - -
=================
0x7A LD A,D
0x7A 1  4
0x7A - - - -
=================
0x7B LD A,E
0x7B 1  4
0x7B - - - -
=================
0x7C LD A,H
0x7C 1  4
0x7C - - - -
=================
0x7D LD A,L
0x7D 1  4
0x7D - - - -
=================
0x7E LD A,(HL)
0x7E 1  8
0x7E - - - -
=================
0x7F LD A,A
0x7F 1  4
0x7F - - - -
=================
0x80 ADD A,B
0x80 1  4
0x80 Z 0 H C
=================
0x81 ADD A,C
0x81 1  4
0x81 Z 0 H C
=================
0x82 ADD A,D
0x82 1  4
0x82 Z 0 H C
=================
0x83 ADD A,E
0x83 1  4
0x83 Z 0 H C
=================
0x84 ADD A,H
0x84 1  4
0x84 Z 0 H C
=================
0x85 ADD A,L
0x85 1  4
0x85 Z 0 H C
=================
0x86 ADD A,(HL)
0x86 1  8
0x86 Z 0 H C
=================
0x87 ADD A,A
0x87 1  4
0x87 Z 0 H C
=================
0x88 ADC A,B
0x88 1  4
0x88 Z 0 H C
=================
0x89 ADC A,C
0x89 1  4
0x89 Z 0 H C
=================
0x8A ADC A,D
0x8A 1  4
0x8A Z 0 H C
=================
0x8B ADC A,E
0x8B 1  4
0x8B Z 0 H C
=================
0x8C ADC A,H
0x8C 1  4
0x8C Z 0 H C
=================
0x8D ADC A,L
0x8D 1  4
0x8D Z 0 H C
=================
0x8E ADC A,(HL)
0x8E 1  8
0x8E Z 0 H C
=================
0x8F ADC A,A
0x8F 1  4
0x8F Z 0 H C
=================
0x90 SUB B
0x90 1  4
0x90 Z 1 H C
=================
0x91 SUB C
0x91 1  4
0x91 Z 1 H C
=================
0x92 SUB D
0x92 1  4
0x92 Z 1 H C
=================
0x93 SUB E
0x93 1  4
0x93 Z 1 H C
=================
0x94 SUB H
0x94 1  4
0x94 Z 1 H C
=================
0x95 SUB L
0x95 1  4
0x95 Z 1 H C
=================
0x96 SUB (HL)
0x96 1  8
0x96 Z 1 H C
=================
0x97 SUB A
0x97 1  4
0x97 Z 1 H C
=================
0x98 SBC A,B
0x98 1  4
0x98 Z 1 H C
=================
0x99 SBC A,C
0x99 1  4
0x99 Z 1 H C
=================
0x9A SBC A,D
0x9A 1  4
0x9A Z 1 H C
=================
0x9B SBC A,E
0x9B 1  4
0x9B Z 1 H C
=================
0x9C SBC A,H
0x9C 1  4
0x9C Z 1 H C
=================
0x9D SBC A,L
0x9D 1  4
0x9D Z 1 H C
=================
0x9E SBC A,(HL)
0x9E 1  8
0x9E Z 1 H C
=================
0x9F SBC A,A
0x9F 1  4
0x9F Z 1 H C
=================
0xA0 AND B
0xA0 1  4
0xA0 Z 0 1 0
=================
0xA1 AND C
0xA1 1  4
0xA1 Z 0 1 0
=================
0xA2 AND D
0xA2 1  4
0xA2 Z 0 1 0
=================
0xA3 AND E
0xA3 1  4
0xA3 Z 0 1 0
=================
0xA4 AND H
0xA4 1  4
0xA4 Z 0 1 0
=================
0xA5 AND L
0xA5 1  4
0xA5 Z 0 1 0
=================
0xA6 AND (HL)
0xA6 1  8
0xA6 Z 0 1 0
=================
0xA7 AND A
0xA7 1  4
0xA7 Z 0 1 0
=================
0xA8 XOR B
0xA8 1  4
0xA8 Z 0 0 0
=================
0xA9 XOR C
0xA9 1  4
0xA9 Z 0 0 0
=================
0xAA XOR D
0xAA 1  4
0xAA Z 0 0 0
=================
0xAB XOR E
0xAB 1  4
0xAB Z 0 0 0
=================
0xAC XOR H
0xAC 1  4
0xAC Z 0 0 0
=================
0xAD XOR L
0xAD 1  4
0xAD Z 0 0 0
=================
0xAE XOR (HL)
0xAE 1  8
0xAE Z 0 0 0
=================
0xAF XOR A
0xAF 1  4
0xAF Z 0 0 0
=================
0xB0 OR B
0xB0 1  4
0xB0 Z 0 0 0
=================
0xB1 OR C
0xB1 1  4
0xB1 Z 0 0 0
=================
0xB2 OR D
0xB2 1  4
0xB2 Z 0 0 0
=================
0xB3 OR E
0xB3 1  4
0xB3 Z 0 0 0
=================
0xB4 OR H
0xB4 1  4
0xB4 Z 0 0 0
=================
0xB5 OR L
0xB5 1  4
0xB5 Z 0 0 0
=================
0xB6 OR (HL)
0xB6 1  8
0xB6 Z 0 0 0
=================
0xB7 OR A
0xB7 1  4
0xB7 Z 0 0 0
=================
0xB8 CP B
0xB8 1  4
0xB8 Z 1 H C
=================
0xB9 CP C
0xB9 1  4
0xB9 Z 1 H C
=================
0xBA CP D
0xBA 1  4
0xBA Z 1 H C
=================
0xBB CP E
0xBB 1  4
0xBB Z 1 H C
=================
0xBC CP H
0xBC 1  4
0xBC Z 1 H C
=================
0xBD CP L
0xBD 1  4
0xBD Z 1 H C
=================
0xBE CP (HL)
0xBE 1  8
0xBE Z 1 H C
=================
0xBF CP A
0xBF 1  4
0xBF Z 1 H C
=================
0xC0 RET NZ
0xC0 1  20/8
0xC0 - - - -
=================
0xC1 POP BC
0xC1 1  12
0xC1 - - - -
=================
0xC2 JP NZ,a16
0xC2 3  16/12
0xC2 - - - -
=================
0xC3 JP a16
0xC3 3  16
0xC3 - - - -
=================
0xC4 CALL NZ,a16
0xC4 3  24/12
0xC4 - - - -
=================
0xC5 PUSH BC
0xC5 1  16
0xC5 - - - -
=================
0xC6 ADD A,d8
0xC6 2  8
0xC6 Z 0 H C
=================
0xC7 RST 00H
0xC7 1  16
0xC7 - - - -
=================
0xC8 RET Z
0xC8 1  20/8
0xC8 - - - -
=================
0xC9 RET
0xC9 1  16
0xC9 - - - -
=================
0xCA JP Z,a16
0xCA 3  16/12
0xCA - - - -
=================
0xCB PREFIX CB
0xCB 1  4
0xCB - - - -
=================
0xCC CALL Z,a16
0xCC 3  24/12
0xCC - - - -
=================
0xCD CALL a16
0xCD 3  24
0xCD - - - -
=================
0xCE ADC A,d8
0xCE 2  8
0xCE Z 0 H C
=================
0xCF RST 08H
0xCF 1  16
0xCF - - - -
=================
0xD0 RET NC
0xD0 1  20/8
0xD0 - - - -
=================
0xD1 POP DE
0xD1 1  12
0xD1 - - - -
=================
0xD2 JP NC,a16
0xD2 3  16/12
0xD2 - - - -
=================
0xD3  
0xD3 CALL NC,a16
0xD3 3  24/12
=================
0xD4 - - - -
0xD4 PUSH DE
0xD4 1  16
=================
0xD5 - - - -
0xD5 SUB d8
0xD5 2  8
=================
0xD6 Z 1 H C
0xD6 RST 10H
0xD6 1  16
=================
0xD7 - - - -
0xD7 RET C
0xD7 1  20/8
=================
0xD8 - - - -
0xD8 RETI
0xD8 1  16
=================
0xD9 - - - -
0xD9 JP C,a16
0xD9 3  16/12
=================
0xDA - - - -
0xDA  
0xDA CALL C,a16
=================
0xDB 3  24/12
0xDB - - - -
0xDB  
=================
0xDC SBC A,d8
0xDC 2  8
0xDC Z 1 H C
=================
0xDD RST 18H
0xDD 1  16
0xDD - - - -
=================
0xDE LDH (a8),A
0xDE 2  12
0xDE - - - -
=================
0xDF POP HL
0xDF 1  12
0xDF - - - -
=================
0xE0 LD (C),A
0xE0 2  8
0xE0 - - - -
=================
0xE1  
0xE1  
0xE1 PUSH HL
=================
0xE2 1  16
0xE2 - - - -
0xE2 AND d8
=================
0xE3 2  8
0xE3 Z 0 1 0
0xE3 RST 20H
=================
0xE4 1  16
0xE4 - - - -
0xE4 ADD SP,r8
=================
0xE5 2  16
0xE5 0 0 H C
0xE5 JP (HL)
=================
0xE6 1  4
0xE6 - - - -
0xE6 LD (a16),A
=================
0xE7 3  16
0xE7 - - - -
0xE7  
=================
0xE8  
0xE8  
0xE8 XOR d8
=================
0xE9 2  8
0xE9 Z 0 0 0
0xE9 RST 28H
=================
0xEA 1  16
0xEA - - - -
0xEA LDH A,(a8)
=================
0xEB 2  12
0xEB - - - -
0xEB POP AF
=================
0xEC 1  12
0xEC Z N H C
0xEC LD A,(C)
=================
0xED 2  8
0xED - - - -
0xED DI
=================
0xEE 1  4
0xEE - - - -
0xEE  
=================
0xEF PUSH AF
0xEF 1  16
0xEF - - - -
=================
0xF0 OR d8
0xF0 2  8
0xF0 Z 0 0 0
=================
0xF1 RST 30H
0xF1 1  16
0xF1 - - - -
=================
0xF2 LD HL,SP+r8
0xF2 2  12
0xF2 0 0 H C
=================
0xF3 LD SP,HL
0xF3 1  8
0xF3 - - - -
=================
0xF4 LD A,(a16)
0xF4 3  16
0xF4 - - - -
=================
0xF5 EI
0xF5 1  4
0xF5 - - - -
=================
0xF6  
0xF6  
0xF6 CP d8
=================
0xF7 2  8
0xF7 Z 1 H C
0xF7 RST 38H
=================
0xF8 1  16
0xF8 - - - -
0xF8  
=================
0xF9 RLC B
0xF9 2  8
0xF9 Z 0 0 C
=================
0xFA RLC C
0xFA 2  8
0xFA Z 0 0 C
=================
0xFB RLC D
0xFB 2  8
0xFB Z 0 0 C
=================
0xFC RLC E
0xFC 2  8
0xFC Z 0 0 C
=================
0xFD RLC H
0xFD 2  8
0xFD Z 0 0 C
=================
0xFE RLC L
0xFE 2  8
0xFE Z 0 0 C
=================
0xFF RLC (HL)
0xFF 2  16
0xFF Z 0 0 C
=================
0x100 RLC A
0x100 2  8
0x100 Z 0 0 C
=================
0x101 RRC B
0x101 2  8
0x101 Z 0 0 C
=================
0x102 RRC C
0x102 2  8
0x102 Z 0 0 C
=================
0x103 RRC D
0x103 2  8
0x103 Z 0 0 C
=================
0x104 RRC E
0x104 2  8
0x104 Z 0 0 C
=================
0x105 RRC H
0x105 2  8
0x105 Z 0 0 C
=================
0x106 RRC L
0x106 2  8
0x106 Z 0 0 C
=================
0x107 RRC (HL)
0x107 2  16
0x107 Z 0 0 C
=================
0x108 RRC A
0x108 2  8
0x108 Z 0 0 C
=================
0x109 RL B
0x109 2  8
0x109 Z 0 0 C
=================
0x10A RL C
0x10A 2  8
0x10A Z 0 0 C
=================
0x10B RL D
0x10B 2  8
0x10B Z 0 0 C
=================
0x10C RL E
0x10C 2  8
0x10C Z 0 0 C
=================
0x10D RL H
0x10D 2  8
0x10D Z 0 0 C
=================
0x10E RL L
0x10E 2  8
0x10E Z 0 0 C
=================
0x10F RL (HL)
0x10F 2  16
0x10F Z 0 0 C
=================
0x110 RL A
0x110 2  8
0x110 Z 0 0 C
=================
0x111 RR B
0x111 2  8
0x111 Z 0 0 C
=================
0x112 RR C
0x112 2  8
0x112 Z 0 0 C
=================
0x113 RR D
0x113 2  8
0x113 Z 0 0 C
=================
0x114 RR E
0x114 2  8
0x114 Z 0 0 C
=================
0x115 RR H
0x115 2  8
0x115 Z 0 0 C
=================
0x116 RR L
0x116 2  8
0x116 Z 0 0 C
=================
0x117 RR (HL)
0x117 2  16
0x117 Z 0 0 C
=================
0x118 RR A
0x118 2  8
0x118 Z 0 0 C
=================
0x119 SLA B
0x119 2  8
0x119 Z 0 0 C
=================
0x11A SLA C
0x11A 2  8
0x11A Z 0 0 C
=================
0x11B SLA D
0x11B 2  8
0x11B Z 0 0 C
=================
0x11C SLA E
0x11C 2  8
0x11C Z 0 0 C
=================
0x11D SLA H
0x11D 2  8
0x11D Z 0 0 C
=================
0x11E SLA L
0x11E 2  8
0x11E Z 0 0 C
=================
0x11F SLA (HL)
0x11F 2  16
0x11F Z 0 0 C
=================
0x120 SLA A
0x120 2  8
0x120 Z 0 0 C
=================
0x121 SRA B
0x121 2  8
0x121 Z 0 0 0
=================
0x122 SRA C
0x122 2  8
0x122 Z 0 0 0
=================
0x123 SRA D
0x123 2  8
0x123 Z 0 0 0
=================
0x124 SRA E
0x124 2  8
0x124 Z 0 0 0
=================
0x125 SRA H
0x125 2  8
0x125 Z 0 0 0
=================
0x126 SRA L
0x126 2  8
0x126 Z 0 0 0
=================
0x127 SRA (HL)
0x127 2  16
0x127 Z 0 0 0
=================
0x128 SRA A
0x128 2  8
0x128 Z 0 0 0
=================
0x129 SWAP B
0x129 2  8
0x129 Z 0 0 0
=================
0x12A SWAP C
0x12A 2  8
0x12A Z 0 0 0
=================
0x12B SWAP D
0x12B 2  8
0x12B Z 0 0 0
=================
0x12C SWAP E
0x12C 2  8
0x12C Z 0 0 0
=================
0x12D SWAP H
0x12D 2  8
0x12D Z 0 0 0
=================
0x12E SWAP L
0x12E 2  8
0x12E Z 0 0 0
=================
0x12F SWAP (HL)
0x12F 2  16
0x12F Z 0 0 0
=================
0x130 SWAP A
0x130 2  8
0x130 Z 0 0 0
=================
0x131 SRL B
0x131 2  8
0x131 Z 0 0 C
=================
0x132 SRL C
0x132 2  8
0x132 Z 0 0 C
=================
0x133 SRL D
0x133 2  8
0x133 Z 0 0 C
=================
0x134 SRL E
0x134 2  8
0x134 Z 0 0 C
=================
0x135 SRL H
0x135 2  8
0x135 Z 0 0 C
=================
0x136 SRL L
0x136 2  8
0x136 Z 0 0 C
=================
0x137 SRL (HL)
0x137 2  16
0x137 Z 0 0 C
=================
0x138 SRL A
0x138 2  8
0x138 Z 0 0 C
=================
0x139 BIT 0,B
0x139 2  8
0x139 Z 0 1 -
=================
0x13A BIT 0,C
0x13A 2  8
0x13A Z 0 1 -
=================
0x13B BIT 0,D
0x13B 2  8
0x13B Z 0 1 -
=================
0x13C BIT 0,E
0x13C 2  8
0x13C Z 0 1 -
=================
0x13D BIT 0,H
0x13D 2  8
0x13D Z 0 1 -
=================
0x13E BIT 0,L
0x13E 2  8
0x13E Z 0 1 -
=================
0x13F BIT 0,(HL)
0x13F 2  16
0x13F Z 0 1 -
=================
0x140 BIT 0,A
0x140 2  8
0x140 Z 0 1 -
=================
0x141 BIT 1,B
0x141 2  8
0x141 Z 0 1 -
=================
0x142 BIT 1,C
0x142 2  8
0x142 Z 0 1 -
=================
0x143 BIT 1,D
0x143 2  8
0x143 Z 0 1 -
=================
0x144 BIT 1,E
0x144 2  8
0x144 Z 0 1 -
=================
0x145 BIT 1,H
0x145 2  8
0x145 Z 0 1 -
=================
0x146 BIT 1,L
0x146 2  8
0x146 Z 0 1 -
=================
0x147 BIT 1,(HL)
0x147 2  16
0x147 Z 0 1 -
=================
0x148 BIT 1,A
0x148 2  8
0x148 Z 0 1 -
=================
0x149 BIT 2,B
0x149 2  8
0x149 Z 0 1 -
=================
0x14A BIT 2,C
0x14A 2  8
0x14A Z 0 1 -
=================
0x14B BIT 2,D
0x14B 2  8
0x14B Z 0 1 -
=================
0x14C BIT 2,E
0x14C 2  8
0x14C Z 0 1 -
=================
0x14D BIT 2,H
0x14D 2  8
0x14D Z 0 1 -
=================
0x14E BIT 2,L
0x14E 2  8
0x14E Z 0 1 -
=================
0x14F BIT 2,(HL)
0x14F 2  16
0x14F Z 0 1 -
=================
0x150 BIT 2,A
0x150 2  8
0x150 Z 0 1 -
=================
0x151 BIT 3,B
0x151 2  8
0x151 Z 0 1 -
=================
0x152 BIT 3,C
0x152 2  8
0x152 Z 0 1 -
=================
0x153 BIT 3,D
0x153 2  8
0x153 Z 0 1 -
=================
0x154 BIT 3,E
0x154 2  8
0x154 Z 0 1 -
=================
0x155 BIT 3,H
0x155 2  8
0x155 Z 0 1 -
=================
0x156 BIT 3,L
0x156 2  8
0x156 Z 0 1 -
=================
0x157 BIT 3,(HL)
0x157 2  16
0x157 Z 0 1 -
=================
0x158 BIT 3,A
0x158 2  8
0x158 Z 0 1 -
=================
0x159 BIT 4,B
0x159 2  8
0x159 Z 0 1 -
=================
0x15A BIT 4,C
0x15A 2  8
0x15A Z 0 1 -
=================
0x15B BIT 4,D
0x15B 2  8
0x15B Z 0 1 -
=================
0x15C BIT 4,E
0x15C 2  8
0x15C Z 0 1 -
=================
0x15D BIT 4,H
0x15D 2  8
0x15D Z 0 1 -
=================
0x15E BIT 4,L
0x15E 2  8
0x15E Z 0 1 -
=================
0x15F BIT 4,(HL)
0x15F 2  16
0x15F Z 0 1 -
=================
0x160 BIT 4,A
0x160 2  8
0x160 Z 0 1 -
=================
0x161 BIT 5,B
0x161 2  8
0x161 Z 0 1 -
=================
0x162 BIT 5,C
0x162 2  8
0x162 Z 0 1 -
=================
0x163 BIT 5,D
0x163 2  8
0x163 Z 0 1 -
=================
0x164 BIT 5,E
0x164 2  8
0x164 Z 0 1 -
=================
0x165 BIT 5,H
0x165 2  8
0x165 Z 0 1 -
=================
0x166 BIT 5,L
0x166 2  8
0x166 Z 0 1 -
=================
0x167 BIT 5,(HL)
0x167 2  16
0x167 Z 0 1 -
=================
0x168 BIT 5,A
0x168 2  8
0x168 Z 0 1 -
=================
0x169 BIT 6,B
0x169 2  8
0x169 Z 0 1 -
=================
0x16A BIT 6,C
0x16A 2  8
0x16A Z 0 1 -
=================
0x16B BIT 6,D
0x16B 2  8
0x16B Z 0 1 -
=================
0x16C BIT 6,E
0x16C 2  8
0x16C Z 0 1 -
=================
0x16D BIT 6,H
0x16D 2  8
0x16D Z 0 1 -
=================
0x16E BIT 6,L
0x16E 2  8
0x16E Z 0 1 -
=================
0x16F BIT 6,(HL)
0x16F 2  16
0x16F Z 0 1 -
=================
0x170 BIT 6,A
0x170 2  8
0x170 Z 0 1 -
=================
0x171 BIT 7,B
0x171 2  8
0x171 Z 0 1 -
=================
0x172 BIT 7,C
0x172 2  8
0x172 Z 0 1 -
=================
0x173 BIT 7,D
0x173 2  8
0x173 Z 0 1 -
=================
0x174 BIT 7,E
0x174 2  8
0x174 Z 0 1 -
=================
0x175 BIT 7,H
0x175 2  8
0x175 Z 0 1 -
=================
0x176 BIT 7,L
0x176 2  8
0x176 Z 0 1 -
=================
0x177 BIT 7,(HL)
0x177 2  16
0x177 Z 0 1 -
=================
0x178 BIT 7,A
0x178 2  8
0x178 Z 0 1 -
=================
0x179 RES 0,B
0x179 2  8
0x179 - - - -
=================
0x17A RES 0,C
0x17A 2  8
0x17A - - - -
=================
0x17B RES 0,D
0x17B 2  8
0x17B - - - -
=================
0x17C RES 0,E
0x17C 2  8
0x17C - - - -
=================
0x17D RES 0,H
0x17D 2  8
0x17D - - - -
=================
0x17E RES 0,L
0x17E 2  8
0x17E - - - -
=================
0x17F RES 0,(HL)
0x17F 2  16
0x17F - - - -
=================
0x180 RES 0,A
0x180 2  8
0x180 - - - -
=================
0x181 RES 1,B
0x181 2  8
0x181 - - - -
=================
0x182 RES 1,C
0x182 2  8
0x182 - - - -
=================
0x183 RES 1,D
0x183 2  8
0x183 - - - -
=================
0x184 RES 1,E
0x184 2  8
0x184 - - - -
=================
0x185 RES 1,H
0x185 2  8
0x185 - - - -
=================
0x186 RES 1,L
0x186 2  8
0x186 - - - -
=================
0x187 RES 1,(HL)
0x187 2  16
0x187 - - - -
=================
0x188 RES 1,A
0x188 2  8
0x188 - - - -
=================
0x189 RES 2,B
0x189 2  8
0x189 - - - -
=================
0x18A RES 2,C
0x18A 2  8
0x18A - - - -
=================
0x18B RES 2,D
0x18B 2  8
0x18B - - - -
=================
0x18C RES 2,E
0x18C 2  8
0x18C - - - -
=================
0x18D RES 2,H
0x18D 2  8
0x18D - - - -
=================
0x18E RES 2,L
0x18E 2  8
0x18E - - - -
=================
0x18F RES 2,(HL)
0x18F 2  16
0x18F - - - -
=================
0x190 RES 2,A
0x190 2  8
0x190 - - - -
=================
0x191 RES 3,B
0x191 2  8
0x191 - - - -
=================
0x192 RES 3,C
0x192 2  8
0x192 - - - -
=================
0x193 RES 3,D
0x193 2  8
0x193 - - - -
=================
0x194 RES 3,E
0x194 2  8
0x194 - - - -
=================
0x195 RES 3,H
0x195 2  8
0x195 - - - -
=================
0x196 RES 3,L
0x196 2  8
0x196 - - - -
=================
0x197 RES 3,(HL)
0x197 2  16
0x197 - - - -
=================
0x198 RES 3,A
0x198 2  8
0x198 - - - -
=================
0x199 RES 4,B
0x199 2  8
0x199 - - - -
=================
0x19A RES 4,C
0x19A 2  8
0x19A - - - -
=================
0x19B RES 4,D
0x19B 2  8
0x19B - - - -
=================
0x19C RES 4,E
0x19C 2  8
0x19C - - - -
=================
0x19D RES 4,H
0x19D 2  8
0x19D - - - -
=================
0x19E RES 4,L
0x19E 2  8
0x19E - - - -
=================
0x19F RES 4,(HL)
0x19F 2  16
0x19F - - - -
=================
0x1A0 RES 4,A
0x1A0 2  8
0x1A0 - - - -
=================
0x1A1 RES 5,B
0x1A1 2  8
0x1A1 - - - -
=================
0x1A2 RES 5,C
0x1A2 2  8
0x1A2 - - - -
=================
0x1A3 RES 5,D
0x1A3 2  8
0x1A3 - - - -
=================
0x1A4 RES 5,E
0x1A4 2  8
0x1A4 - - - -
=================
0x1A5 RES 5,H
0x1A5 2  8
0x1A5 - - - -
=================
0x1A6 RES 5,L
0x1A6 2  8
0x1A6 - - - -
=================
0x1A7 RES 5,(HL)
0x1A7 2  16
0x1A7 - - - -
=================
0x1A8 RES 5,A
0x1A8 2  8
0x1A8 - - - -
=================
0x1A9 RES 6,B
0x1A9 2  8
0x1A9 - - - -
=================
0x1AA RES 6,C
0x1AA 2  8
0x1AA - - - -
=================
0x1AB RES 6,D
0x1AB 2  8
0x1AB - - - -
=================
0x1AC RES 6,E
0x1AC 2  8
0x1AC - - - -
=================
0x1AD RES 6,H
0x1AD 2  8
0x1AD - - - -
=================
0x1AE RES 6,L
0x1AE 2  8
0x1AE - - - -
=================
0x1AF RES 6,(HL)
0x1AF 2  16
0x1AF - - - -
=================
0x1B0 RES 6,A
0x1B0 2  8
0x1B0 - - - -
=================
0x1B1 RES 7,B
0x1B1 2  8
0x1B1 - - - -
=================
0x1B2 RES 7,C
0x1B2 2  8
0x1B2 - - - -
=================
0x1B3 RES 7,D
0x1B3 2  8
0x1B3 - - - -
=================
0x1B4 RES 7,E
0x1B4 2  8
0x1B4 - - - -
=================
0x1B5 RES 7,H
0x1B5 2  8
0x1B5 - - - -
=================
0x1B6 RES 7,L
0x1B6 2  8
0x1B6 - - - -
=================
0x1B7 RES 7,(HL)
0x1B7 2  16
0x1B7 - - - -
=================
0x1B8 RES 7,A
0x1B8 2  8
0x1B8 - - - -
=================
0x1B9 SET 0,B
0x1B9 2  8
0x1B9 - - - -
=================
0x1BA SET 0,C
0x1BA 2  8
0x1BA - - - -
=================
0x1BB SET 0,D
0x1BB 2  8
0x1BB - - - -
=================
0x1BC SET 0,E
0x1BC 2  8
0x1BC - - - -
=================
0x1BD SET 0,H
0x1BD 2  8
0x1BD - - - -
=================
0x1BE SET 0,L
0x1BE 2  8
0x1BE - - - -
=================
0x1BF SET 0,(HL)
0x1BF 2  16
0x1BF - - - -
=================
0x1C0 SET 0,A
0x1C0 2  8
0x1C0 - - - -
=================
0x1C1 SET 1,B
0x1C1 2  8
0x1C1 - - - -
=================
0x1C2 SET 1,C
0x1C2 2  8
0x1C2 - - - -
=================
0x1C3 SET 1,D
0x1C3 2  8
0x1C3 - - - -
=================
0x1C4 SET 1,E
0x1C4 2  8
0x1C4 - - - -
=================
0x1C5 SET 1,H
0x1C5 2  8
0x1C5 - - - -
=================
0x1C6 SET 1,L
0x1C6 2  8
0x1C6 - - - -
=================
0x1C7 SET 1,(HL)
0x1C7 2  16
0x1C7 - - - -
=================
0x1C8 SET 1,A
0x1C8 2  8
0x1C8 - - - -
=================
0x1C9 SET 2,B
0x1C9 2  8
0x1C9 - - - -
=================
0x1CA SET 2,C
0x1CA 2  8
0x1CA - - - -
=================
0x1CB SET 2,D
0x1CB 2  8
0x1CB - - - -
=================
0x1CC SET 2,E
0x1CC 2  8
0x1CC - - - -
=================
0x1CD SET 2,H
0x1CD 2  8
0x1CD - - - -
=================
0x1CE SET 2,L
0x1CE 2  8
0x1CE - - - -
=================
0x1CF SET 2,(HL)
0x1CF 2  16
0x1CF - - - -
=================
0x1D0 SET 2,A
0x1D0 2  8
0x1D0 - - - -
=================
0x1D1 SET 3,B
0x1D1 2  8
0x1D1 - - - -
=================
0x1D2 SET 3,C
0x1D2 2  8
0x1D2 - - - -
=================
0x1D3 SET 3,D
0x1D3 2  8
0x1D3 - - - -
=================
0x1D4 SET 3,E
0x1D4 2  8
0x1D4 - - - -
=================
0x1D5 SET 3,H
0x1D5 2  8
0x1D5 - - - -
=================
0x1D6 SET 3,L
0x1D6 2  8
0x1D6 - - - -
=================
0x1D7 SET 3,(HL)
0x1D7 2  16
0x1D7 - - - -
=================
0x1D8 SET 3,A
0x1D8 2  8
0x1D8 - - - -
=================
0x1D9 SET 4,B
0x1D9 2  8
0x1D9 - - - -
=================
0x1DA SET 4,C
0x1DA 2  8
0x1DA - - - -
=================
0x1DB SET 4,D
0x1DB 2  8
0x1DB - - - -
=================
0x1DC SET 4,E
0x1DC 2  8
0x1DC - - - -
=================
0x1DD SET 4,H
0x1DD 2  8
0x1DD - - - -
=================
0x1DE SET 4,L
0x1DE 2  8
0x1DE - - - -
=================
0x1DF SET 4,(HL)
0x1DF 2  16
0x1DF - - - -
=================
0x1E0 SET 4,A
0x1E0 2  8
0x1E0 - - - -
=================
0x1E1 SET 5,B
0x1E1 2  8
0x1E1 - - - -
=================
0x1E2 SET 5,C
0x1E2 2  8
0x1E2 - - - -
=================
0x1E3 SET 5,D
0x1E3 2  8
0x1E3 - - - -
=================
0x1E4 SET 5,E
0x1E4 2  8
0x1E4 - - - -
=================
0x1E5 SET 5,H
0x1E5 2  8
0x1E5 - - - -
=================
0x1E6 SET 5,L
0x1E6 2  8
0x1E6 - - - -
=================
0x1E7 SET 5,(HL)
0x1E7 2  16
0x1E7 - - - -
=================
0x1E8 SET 5,A
0x1E8 2  8
0x1E8 - - - -
=================
0x1E9 SET 6,B
0x1E9 2  8
0x1E9 - - - -
=================
0x1EA SET 6,C
0x1EA 2  8
0x1EA - - - -
=================
0x1EB SET 6,D
0x1EB 2  8
0x1EB - - - -
=================
0x1EC SET 6,E
0x1EC 2  8
0x1EC - - - -
=================
0x1ED SET 6,H
0x1ED 2  8
0x1ED - - - -
=================
0x1EE SET 6,L
0x1EE 2  8
0x1EE - - - -
=================
0x1EF SET 6,(HL)
0x1EF 2  16
0x1EF - - - -
=================
0x1F0 SET 6,A
0x1F0 2  8
0x1F0 - - - -
=================
0x1F1 SET 7,B
0x1F1 2  8
0x1F1 - - - -
=================
0x1F2 SET 7,C
0x1F2 2  8
0x1F2 - - - -
=================
0x1F3 SET 7,D
0x1F3 2  8
0x1F3 - - - -
=================
0x1F4 SET 7,E
0x1F4 2  8
0x1F4 - - - -
=================
0x1F5 SET 7,H
0x1F5 2  8
0x1F5 - - - -
=================
0x1F6 SET 7,L
0x1F6 2  8
0x1F6 - - - -
=================
0x1F7 SET 7,(HL)
0x1F7 2  16
0x1F7 - - - -
=================
0x1F8 SET 7,A
0x1F8 2  8
0x1F8 - - - -
=================
0x1F9 INS reg
0x1F9 2  8
0x1F9 Z N H C
=================
0x1FA 15  . . .  8
